c:\users\shali\desktop\firstopengl (32bit, day 7b)\firstopengl\debug\vc141.pdb
c:\users\shali\desktop\firstopengl (32bit, day 7b)\firstopengl\debug\vc141.idb
c:\users\shali\desktop\firstopengl (32bit, day 7b)\firstopengl\debug\cgameobject.obj
c:\users\shali\desktop\firstopengl (32bit, day 7b)\firstopengl\debug\cmesh.obj
c:\users\shali\desktop\firstopengl (32bit, day 7b)\firstopengl\debug\cshader.obj
c:\users\shali\desktop\firstopengl (32bit, day 7b)\firstopengl\debug\cshadermanager.obj
c:\users\shali\desktop\firstopengl (32bit, day 7b)\firstopengl\debug\ctriangle.obj
c:\users\shali\desktop\firstopengl (32bit, day 7b)\firstopengl\debug\cvaomeshmanager.obj
c:\users\shali\desktop\firstopengl (32bit, day 7b)\firstopengl\debug\cvertex_xyz_rgb.obj
c:\users\shali\desktop\firstopengl (32bit, day 7b)\firstopengl\debug\lua.obj
c:\users\shali\desktop\firstopengl (32bit, day 7b)\firstopengl\debug\themain.obj
c:\users\shali\desktop\firstopengl (32bit, day 7b)\firstopengl\debug\utilities.obj
c:\users\shali\desktop\firstopengl (32bit, day 7b)\firstopengl\debug\modelutilities.obj
c:\users\shali\desktop\firstopengl (32bit, day 7b)\firstopengl\debug\glad.obj
c:\users\shali\desktop\firstopengl (32bit, day 7b)\debug\firstopengl.lib
c:\users\shali\desktop\firstopengl (32bit, day 7b)\debug\firstopengl.exp
c:\users\shali\desktop\firstopengl (32bit, day 7b)\debug\firstopengl.exe
c:\users\shali\desktop\firstopengl (32bit, day 7b)\debug\firstopengl.ilk
c:\users\shali\desktop\firstopengl (32bit, day 7b)\debug\firstopengl.pdb
c:\users\shali\desktop\firstopengl (32bit, day 7b)\firstopengl\debug\firstopengl.tlog\cl.command.1.tlog
c:\users\shali\desktop\firstopengl (32bit, day 7b)\firstopengl\debug\firstopengl.tlog\cl.read.1.tlog
c:\users\shali\desktop\firstopengl (32bit, day 7b)\firstopengl\debug\firstopengl.tlog\cl.write.1.tlog
c:\users\shali\desktop\firstopengl (32bit, day 7b)\firstopengl\debug\firstopengl.tlog\firstopengl.write.1u.tlog
c:\users\shali\desktop\firstopengl (32bit, day 7b)\firstopengl\debug\firstopengl.tlog\link.command.1.tlog
c:\users\shali\desktop\firstopengl (32bit, day 7b)\firstopengl\debug\firstopengl.tlog\link.read.1.tlog
c:\users\shali\desktop\firstopengl (32bit, day 7b)\firstopengl\debug\firstopengl.tlog\link.write.1.tlog
